[15.10.23|03:37:27] Folder: "/db" FOUND
[15.10.23|03:37:27] DATABASE: "users.db" FOUND
[15.10.23|03:37:27] TABLE: "Users" FOUND
[15.10.23|03:37:27] DATABASE: "posts.db" FOUND
[15.10.23|03:37:27] TABLE: "Posts" FOUND
[15.10.23|03:37:27] DATABASE: "comments.db" FOUND
[15.10.23|03:37:27] TABLE: "Comments" FOUND
[15.10.23|03:37:27] Folder: "/db" FOUND
[15.10.23|03:37:27] DATABASE: "users.db" FOUND
[15.10.23|03:37:27] TABLE: "Users" FOUND
[15.10.23|03:37:27] DATABASE: "posts.db" FOUND
[15.10.23|03:37:27] TABLE: "Posts" FOUND
[15.10.23|03:37:27] DATABASE: "comments.db" FOUND
[15.10.23|03:37:27] TABLE: "Comments" FOUND
[15.10.23|03:37:34] 404
[15.10.23|03:38:16] 404
[15.10.23|03:40:34] Folder: "/db" FOUND
[15.10.23|03:40:34] DATABASE: "users.db" FOUND
[15.10.23|03:40:34] TABLE: "Users" FOUND
[15.10.23|03:40:34] DATABASE: "posts.db" FOUND
[15.10.23|03:40:34] TABLE: "Posts" FOUND
[15.10.23|03:40:34] DATABASE: "comments.db" FOUND
[15.10.23|03:40:34] TABLE: "Comments" FOUND
[15.10.23|03:40:34] Folder: "/db" FOUND
[15.10.23|03:40:34] DATABASE: "users.db" FOUND
[15.10.23|03:40:34] TABLE: "Users" FOUND
[15.10.23|03:40:34] DATABASE: "posts.db" FOUND
[15.10.23|03:40:34] TABLE: "Posts" FOUND
[15.10.23|03:40:34] DATABASE: "comments.db" FOUND
[15.10.23|03:40:34] TABLE: "Comments" FOUND
[15.10.23|03:41:02] POST: "1" FOUND
[15.10.23|03:41:08] 404
[15.10.23|03:43:27] Folder: "/db" FOUND
[15.10.23|03:43:27] DATABASE: "users.db" FOUND
[15.10.23|03:43:27] TABLE: "Users" FOUND
[15.10.23|03:43:27] DATABASE: "posts.db" FOUND
[15.10.23|03:43:27] TABLE: "Posts" FOUND
[15.10.23|03:43:27] DATABASE: "comments.db" FOUND
[15.10.23|03:43:27] TABLE: "Comments" FOUND
[15.10.23|03:43:27] Folder: "/db" FOUND
[15.10.23|03:43:27] DATABASE: "users.db" FOUND
[15.10.23|03:43:27] TABLE: "Users" FOUND
[15.10.23|03:43:27] DATABASE: "posts.db" FOUND
[15.10.23|03:43:27] TABLE: "Posts" FOUND
[15.10.23|03:43:27] DATABASE: "comments.db" FOUND
[15.10.23|03:43:27] TABLE: "Comments" FOUND
[15.10.23|03:43:54] USER: "icarus" ADDED TO DATABASE
[15.10.23|03:43:54] 1 POINTS ADDED TO "icarus"
[15.10.23|03:43:54] USER: "icarus" LOGGED IN
[15.10.23|03:44:10] VERIFICATION CODE: "4805" SENT TO "('anirudhprasad131@protonmail.com',)"
[15.10.23|03:44:53] USER: "icarus" HAS BEEN VERIFIED
[15.10.23|03:46:17] POST: "black" POSTED
[15.10.23|03:46:17] 20 POINTS ADDED TO "icarus"
[15.10.23|03:46:28] USER: "icarus" FOUND
[15.10.23|03:46:28] USER: "icarus"s PAGE LOADED
[15.10.23|03:46:47] 404
